f:\vs_projects\qtguiapplication2\x64\debug\frame_query.obj
f:\vs_projects\qtguiapplication2\x64\debug\login_dialog.obj
f:\vs_projects\qtguiapplication2\x64\debug\mainwindow.obj
f:\vs_projects\qtguiapplication2\x64\debug\choosecoursedialog.obj
f:\vs_projects\qtguiapplication2\x64\debug\frame_stumanage.obj
f:\vs_projects\qtguiapplication2\x64\debug\frame_manual_sign.obj
f:\vs_projects\qtguiapplication2\x64\debug\httpop.obj
f:\vs_projects\qtguiapplication2\x64\debug\main.obj
f:\vs_projects\qtguiapplication2\x64\debug\qrc_resource.obj
f:\vs_projects\qtguiapplication2\x64\debug\face_recognization.obj
f:\vs_projects\qtguiapplication2\x64\debug\frame_sign.obj
f:\vs_projects\qtguiapplication2\x64\debug\mytitlebar.obj
f:\vs_projects\qtguiapplication2\x64\debug\vc140.pdb
f:\vs_projects\qtguiapplication2\x64\debug\moc_choosecoursedialog.obj
f:\vs_projects\qtguiapplication2\x64\debug\moc_frame_query.obj
f:\vs_projects\qtguiapplication2\x64\debug\moc_mainwindow.obj
f:\vs_projects\qtguiapplication2\x64\debug\moc_frame_sign.obj
f:\vs_projects\qtguiapplication2\x64\debug\moc_login_dialog.obj
f:\vs_projects\qtguiapplication2\x64\debug\moc_httpop.obj
f:\vs_projects\qtguiapplication2\x64\debug\moc_mytitlebar.obj
f:\vs_projects\qtguiapplication2\x64\debug\moc_frame_stumanage.obj
f:\vs_projects\qtguiapplication2\x64\debug\moc_frame_manual_sign.obj
f:\vs_projects\qtguiapplication2\x64\debug\qtguiapplication2.ilk
f:\vs_projects\qtguiapplication2\x64\debug\qtguiapplication2.exe
f:\vs_projects\qtguiapplication2\x64\debug\qtguiapplication2.pdb
f:\vs_projects\qtguiapplication2\generatedfiles\debug\moc_mainwindow.cpp
f:\vs_projects\qtguiapplication2\generatedfiles\debug\moc_choosecoursedialog.cpp
f:\vs_projects\qtguiapplication2\generatedfiles\debug\moc_mytitlebar.cpp
f:\vs_projects\qtguiapplication2\generatedfiles\debug\moc_login_dialog.cpp
f:\vs_projects\qtguiapplication2\generatedfiles\debug\moc_httpop.cpp
f:\vs_projects\qtguiapplication2\generatedfiles\debug\moc_frame_stumanage.cpp
f:\vs_projects\qtguiapplication2\generatedfiles\debug\moc_frame_sign.cpp
f:\vs_projects\qtguiapplication2\generatedfiles\debug\moc_frame_query.cpp
f:\vs_projects\qtguiapplication2\generatedfiles\debug\moc_frame_manual_sign.cpp
f:\vs_projects\qtguiapplication2\generatedfiles\qrc_resource.cpp
f:\vs_projects\qtguiapplication2\generatedfiles\ui_choosecoursedialog.h
f:\vs_projects\qtguiapplication2\generatedfiles\ui_frame_manual_sign.h
f:\vs_projects\qtguiapplication2\generatedfiles\ui_frame_query.h
f:\vs_projects\qtguiapplication2\generatedfiles\ui_frame_sign.h
f:\vs_projects\qtguiapplication2\generatedfiles\ui_frame_stumanage.h
f:\vs_projects\qtguiapplication2\generatedfiles\ui_login_dialog.h
f:\vs_projects\qtguiapplication2\generatedfiles\ui_mainwindow.h
e:\github\qtclient\demo\x64\debug\choosecoursedialog.obj
e:\github\qtclient\demo\x64\debug\face_recognization.obj
e:\github\qtclient\demo\x64\debug\frame_manual_sign.obj
e:\github\qtclient\demo\x64\debug\frame_query.obj
e:\github\qtclient\demo\x64\debug\frame_sign.obj
e:\github\qtclient\demo\x64\debug\frame_stumanage.obj
e:\github\qtclient\demo\x64\debug\httpop.obj
e:\github\qtclient\demo\x64\debug\login_dialog.obj
e:\github\qtclient\demo\x64\debug\main.obj
e:\github\qtclient\demo\x64\debug\mainwindow.obj
e:\github\qtclient\demo\x64\debug\moc_choosecoursedialog.obj
e:\github\qtclient\demo\x64\debug\moc_frame_manual_sign.obj
e:\github\qtclient\demo\x64\debug\moc_frame_query.obj
e:\github\qtclient\demo\x64\debug\moc_frame_sign.obj
e:\github\qtclient\demo\x64\debug\moc_frame_stumanage.obj
e:\github\qtclient\demo\x64\debug\moc_httpop.obj
e:\github\qtclient\demo\x64\debug\moc_login_dialog.obj
e:\github\qtclient\demo\x64\debug\moc_mainwindow.obj
e:\github\qtclient\demo\x64\debug\moc_mytitlebar.obj
e:\github\qtclient\demo\x64\debug\mytitlebar.obj
e:\github\qtclient\demo\x64\debug\qrc_resource.obj
e:\github\qtclient\demo\x64\debug\qtguiapplication2.ilk
e:\github\qtclient\demo\x64\debug\qtguiapplication2.pdb
e:\github\qtclient\demo\x64\debug\vc140.pdb
e:\github\qtclient\demo\x64\debug\qtguiapplication2.exe
e:\github\qtclient\demo\x64\debug\qtguiapp.b12702ad.tlog\cl.command.1.tlog
e:\github\qtclient\demo\x64\debug\qtguiapp.b12702ad.tlog\cl.read.1.tlog
e:\github\qtclient\demo\x64\debug\qtguiapp.b12702ad.tlog\cl.write.1.tlog
e:\github\qtclient\demo\x64\debug\qtguiapp.b12702ad.tlog\link.command.1.tlog
e:\github\qtclient\demo\x64\debug\qtguiapp.b12702ad.tlog\link.read.1.tlog
e:\github\qtclient\demo\x64\debug\qtguiapp.b12702ad.tlog\link.write.1.tlog
e:\github\qtclient\demo\x64\debug\qtguiapp.b12702ad.tlog\qtguiapplication2.write.1u.tlog
