  Moc'ing mainwindow.h...
  Moc'ing choosecoursedialog.h...
  Moc'ing mytitlebar.h...
  Moc'ing login_dialog.h...
  Moc'ing httpop.h...
  Moc'ing frame_stumanage.h...
  Moc'ing frame_sign.h...
  Moc'ing frame_query.h...
  Moc'ing frame_manual_sign.h...
  Rcc'ing Resource.qrc...
  Uic'ing choosecoursedialog.ui...
  Uic'ing frame_manual_sign.ui...
  Uic'ing frame_query.ui...
  Uic'ing Frame_sign.ui...
  Uic'ing frame_stumanage.ui...
  Uic'ing login_dialog.ui...
  Uic'ing mainwindow.ui...
  choosecoursedialog.cpp
choosecoursedialog.cpp : warning C4819: 该文件包含不能在当前代码页(936)中表示的字符。请将该文件保存为 Unicode 格式以防止数据丢失
  face_recognization.cpp
face_recognization.cpp : warning C4819: 该文件包含不能在当前代码页(936)中表示的字符。请将该文件保存为 Unicode 格式以防止数据丢失
  frame_manual_sign.cpp
frame_manual_sign.cpp : warning C4819: 该文件包含不能在当前代码页(936)中表示的字符。请将该文件保存为 Unicode 格式以防止数据丢失
e:\github\qtclient\demo\choosecoursedialog.h : warning C4819: 该文件包含不能在当前代码页(936)中表示的字符。请将该文件保存为 Unicode 格式以防止数据丢失 (编译源文件 choosecoursedialog.cpp)
  frame_query.cpp
frame_query.cpp : warning C4819: 该文件包含不能在当前代码页(936)中表示的字符。请将该文件保存为 Unicode 格式以防止数据丢失
e:\github\qtclient\demo\frame_manual_sign.h : warning C4819: 该文件包含不能在当前代码页(936)中表示的字符。请将该文件保存为 Unicode 格式以防止数据丢失 (编译源文件 frame_manual_sign.cpp)
e:\github\qtclient\demo\frame_query.h : warning C4819: 该文件包含不能在当前代码页(936)中表示的字符。请将该文件保存为 Unicode 格式以防止数据丢失 (编译源文件 frame_query.cpp)
E:\GitHub\QTclient\demo\httpop.h : warning C4819: 该文件包含不能在当前代码页(936)中表示的字符。请将该文件保存为 Unicode 格式以防止数据丢失 (编译源文件 choosecoursedialog.cpp)
E:\GitHub\QTclient\demo\httpop.h : warning C4819: 该文件包含不能在当前代码页(936)中表示的字符。请将该文件保存为 Unicode 格式以防止数据丢失 (编译源文件 frame_query.cpp)
  Frame_sign.cpp
Frame_sign.cpp : warning C4819: 该文件包含不能在当前代码页(936)中表示的字符。请将该文件保存为 Unicode 格式以防止数据丢失
e:\github\qtclient\demo\frame_sign.h : warning C4819: 该文件包含不能在当前代码页(936)中表示的字符。请将该文件保存为 Unicode 格式以防止数据丢失 (编译源文件 Frame_sign.cpp)
  frame_stumanage.cpp
frame_stumanage.cpp : warning C4819: 该文件包含不能在当前代码页(936)中表示的字符。请将该文件保存为 Unicode 格式以防止数据丢失
  login_dialog.cpp
login_dialog.cpp : warning C4819: 该文件包含不能在当前代码页(936)中表示的字符。请将该文件保存为 Unicode 格式以防止数据丢失
e:\github\qtclient\demo\face_recognization.cpp(229): warning C4715: “preprocessing”: 不是所有的控件路径都返回值
e:\github\qtclient\demo\face_recognization.cpp(269): warning C4715: “csv”: 不是所有的控件路径都返回值
  mainwindow.cpp
mainwindow.cpp : warning C4819: 该文件包含不能在当前代码页(936)中表示的字符。请将该文件保存为 Unicode 格式以防止数据丢失
e:\github\qtclient\demo\mainwindow.h : warning C4819: 该文件包含不能在当前代码页(936)中表示的字符。请将该文件保存为 Unicode 格式以防止数据丢失 (编译源文件 mainwindow.cpp)
e:\github\qtclient\demo\httpop.h : warning C4819: 该文件包含不能在当前代码页(936)中表示的字符。请将该文件保存为 Unicode 格式以防止数据丢失 (编译源文件 login_dialog.cpp)
e:\github\qtclient\demo\frame_sign.h : warning C4819: 该文件包含不能在当前代码页(936)中表示的字符。请将该文件保存为 Unicode 格式以防止数据丢失 (编译源文件 frame_stumanage.cpp)
e:\github\qtclient\demo\mytitlebar.h : warning C4819: 该文件包含不能在当前代码页(936)中表示的字符。请将该文件保存为 Unicode 格式以防止数据丢失 (编译源文件 mainwindow.cpp)
e:\github\qtclient\demo\frame_sign.h : warning C4819: 该文件包含不能在当前代码页(936)中表示的字符。请将该文件保存为 Unicode 格式以防止数据丢失 (编译源文件 mainwindow.cpp)
  qrc_Resource.cpp
e:\github\qtclient\demo\frame_query.h : warning C4819: 该文件包含不能在当前代码页(936)中表示的字符。请将该文件保存为 Unicode 格式以防止数据丢失 (编译源文件 mainwindow.cpp)
E:\GitHub\QTclient\demo\httpop.h : warning C4819: 该文件包含不能在当前代码页(936)中表示的字符。请将该文件保存为 Unicode 格式以防止数据丢失 (编译源文件 mainwindow.cpp)
e:\github\qtclient\demo\frame_manual_sign.h : warning C4819: 该文件包含不能在当前代码页(936)中表示的字符。请将该文件保存为 Unicode 格式以防止数据丢失 (编译源文件 mainwindow.cpp)
e:\github\qtclient\demo\choosecoursedialog.h : warning C4819: 该文件包含不能在当前代码页(936)中表示的字符。请将该文件保存为 Unicode 格式以防止数据丢失 (编译源文件 mainwindow.cpp)
e:\github\qtclient\demo\frame_sign.cpp(226): warning C4715: “Frame_sign::faceRecognition”: 不是所有的控件路径都返回值
  moc_mainwindow.cpp
  moc_choosecoursedialog.cpp
  moc_mytitlebar.cpp
e:\github\qtclient\demo\generatedfiles\debug\../../mainwindow.h : warning C4819: 该文件包含不能在当前代码页(936)中表示的字符。请将该文件保存为 Unicode 格式以防止数据丢失 (编译源文件 .\GeneratedFiles\Debug\moc_mainwindow.cpp)
e:\github\qtclient\demo\generatedfiles\debug\../../choosecoursedialog.h : warning C4819: 该文件包含不能在当前代码页(936)中表示的字符。请将该文件保存为 Unicode 格式以防止数据丢失 (编译源文件 .\GeneratedFiles\Debug\moc_choosecoursedialog.cpp)
  moc_login_dialog.cpp
e:\github\qtclient\demo\generatedfiles\debug\../../mytitlebar.h : warning C4819: 该文件包含不能在当前代码页(936)中表示的字符。请将该文件保存为 Unicode 格式以防止数据丢失 (编译源文件 .\GeneratedFiles\Debug\moc_mytitlebar.cpp)
e:\github\qtclient\demo\mytitlebar.h : warning C4819: 该文件包含不能在当前代码页(936)中表示的字符。请将该文件保存为 Unicode 格式以防止数据丢失 (编译源文件 .\GeneratedFiles\Debug\moc_mainwindow.cpp)
E:\GitHub\QTclient\demo\httpop.h : warning C4819: 该文件包含不能在当前代码页(936)中表示的字符。请将该文件保存为 Unicode 格式以防止数据丢失 (编译源文件 .\GeneratedFiles\Debug\moc_choosecoursedialog.cpp)
  moc_httpop.cpp
e:\github\qtclient\demo\generatedfiles\debug\../../httpop.h : warning C4819: 该文件包含不能在当前代码页(936)中表示的字符。请将该文件保存为 Unicode 格式以防止数据丢失 (编译源文件 .\GeneratedFiles\Debug\moc_httpop.cpp)
  moc_frame_stumanage.cpp
  moc_frame_sign.cpp
e:\github\qtclient\demo\generatedfiles\debug\../../frame_sign.h : warning C4819: 该文件包含不能在当前代码页(936)中表示的字符。请将该文件保存为 Unicode 格式以防止数据丢失 (编译源文件 .\GeneratedFiles\Debug\moc_frame_sign.cpp)
  moc_frame_query.cpp
e:\github\qtclient\demo\generatedfiles\debug\../../frame_query.h : warning C4819: 该文件包含不能在当前代码页(936)中表示的字符。请将该文件保存为 Unicode 格式以防止数据丢失 (编译源文件 .\GeneratedFiles\Debug\moc_frame_query.cpp)
  moc_frame_manual_sign.cpp
e:\github\qtclient\demo\generatedfiles\debug\../../frame_manual_sign.h : warning C4819: 该文件包含不能在当前代码页(936)中表示的字符。请将该文件保存为 Unicode 格式以防止数据丢失 (编译源文件 .\GeneratedFiles\Debug\moc_frame_manual_sign.cpp)
E:\GitHub\QTclient\demo\httpop.h : warning C4819: 该文件包含不能在当前代码页(936)中表示的字符。请将该文件保存为 Unicode 格式以防止数据丢失 (编译源文件 .\GeneratedFiles\Debug\moc_frame_query.cpp)
  QtGuiApplication2.vcxproj -> E:\GitHub\QTclient\demo\x64\Debug\QtGuiApplication2.exe
  QtGuiApplication2.vcxproj -> E:\GitHub\QTclient\demo\x64\Debug\QtGuiApplication2.pdb (Full PDB)
